2022-09-04 22:43:18,907 [INFO] Activator:177 - 


2022-09-04 22:43:18,908 [INFO] Activator:178 - !SESSION log4j initialized
2022-09-04 22:43:43,799 [ERROR] LogOutputStream:74 - [STDERR_REDIRECT] SLF4J: Failed to load class "org.slf4j.impl.StaticLoggerBinder".
2022-09-04 22:43:43,800 [ERROR] LogOutputStream:74 - [STDERR_REDIRECT] SLF4J: Defaulting to no-operation (NOP) logger implementation
2022-09-04 22:43:43,802 [ERROR] LogOutputStream:74 - [STDERR_REDIRECT] SLF4J: See http://www.slf4j.org/codes.html#StaticLoggerBinder for further details.
2022-09-04 22:44:20,463 [INFO] McuFinderGlobals:44 - Set McuFinder mode to 2 (CubeIDE integrated)
2022-09-04 22:44:21,765 [INFO] ApplicationProperties:181 - Using Application install path: D:\STM32CubeIDE_1.10.1\STM32CubeIDE\plugins\com.st.stm32cube.common.mx_6.6.1.202207061420
2022-09-04 22:44:21,788 [INFO] DbMcusXml:77 - Set database path to: D:\STM32CubeIDE_1.10.1\STM32CubeIDE\plugins\com.st.stm32cube.common.mx_6.6.1.202207061420\\db\/mcu/
2022-09-04 22:44:21,788 [INFO] ApiDb:269 - Set plugin database path to: D:\STM32CubeIDE_1.10.1\STM32CubeIDE\plugins\com.st.stm32cube.common.mx_6.6.1.202207061420\\db\/plugins/boardmanager/
2022-09-04 22:44:21,790 [WARN] ApiDb:254 - Overriding images path with different value:  => D:\STM32CubeIDE_1.10.1\STM32CubeIDE\plugins\com.st.stm32cube.common.mx_6.6.1.202207061420\\db\/plugins/mcufinder/images/
2022-09-04 22:44:23,198 [ERROR] ApiFinderProperties:228 - Failed to read file additional_hw_images/X-NUCLEO-S2915A1.jpg: C:\Users\Shin\.stmcufinder\plugins\mcufinder\mcu\additional_hw_images\X-NUCLEO-S2915A1.jpg (지정된 경로를 찾을 수 없습니다)
2022-09-04 22:44:23,201 [ERROR] ApiFinderProperties:228 - Failed to read file additional_hw_images/X-NUCLEO-S2868A2.jpg: C:\Users\Shin\.stmcufinder\plugins\mcufinder\mcu\additional_hw_images\X-NUCLEO-S2868A2.jpg (지정된 경로를 찾을 수 없습니다)
2022-09-04 22:44:23,204 [ERROR] ApiFinderProperties:228 - Failed to read file additional_hw_images/X-NUCLEO-S2868A1.jpg: C:\Users\Shin\.stmcufinder\plugins\mcufinder\mcu\additional_hw_images\X-NUCLEO-S2868A1.jpg (지정된 경로를 찾을 수 없습니다)
2022-09-04 22:44:23,207 [ERROR] ApiFinderProperties:228 - Failed to read file additional_hw_images/X-NUCLEO-NFC07A1.jpg: C:\Users\Shin\.stmcufinder\plugins\mcufinder\mcu\additional_hw_images\X-NUCLEO-NFC07A1.jpg (지정된 경로를 찾을 수 없습니다)
2022-09-04 22:44:23,214 [ERROR] ApiFinderProperties:228 - Failed to read file additional_hw_images/X-NUCLEO-NFC04A1.jpg: C:\Users\Shin\.stmcufinder\plugins\mcufinder\mcu\additional_hw_images\X-NUCLEO-NFC04A1.jpg (지정된 경로를 찾을 수 없습니다)
2022-09-04 22:44:23,216 [ERROR] ApiFinderProperties:228 - Failed to read file additional_hw_images/X-NUCLEO-IKS02A1.jpg: C:\Users\Shin\.stmcufinder\plugins\mcufinder\mcu\additional_hw_images\X-NUCLEO-IKS02A1.jpg (지정된 경로를 찾을 수 없습니다)
2022-09-04 22:44:23,221 [ERROR] ApiFinderProperties:228 - Failed to read file additional_hw_images/X-NUCLEO-IKS01A3.jpg: C:\Users\Shin\.stmcufinder\plugins\mcufinder\mcu\additional_hw_images\X-NUCLEO-IKS01A3.jpg (지정된 경로를 찾을 수 없습니다)
2022-09-04 22:44:23,227 [ERROR] ApiFinderProperties:228 - Failed to read file additional_hw_images/X-NUCLEO-IKS01A2.jpg: C:\Users\Shin\.stmcufinder\plugins\mcufinder\mcu\additional_hw_images\X-NUCLEO-IKS01A2.jpg (지정된 경로를 찾을 수 없습니다)
2022-09-04 22:44:23,232 [ERROR] ApiFinderProperties:228 - Failed to read file additional_hw_images/X-NUCLEO-IDB05A2.jpg: C:\Users\Shin\.stmcufinder\plugins\mcufinder\mcu\additional_hw_images\X-NUCLEO-IDB05A2.jpg (지정된 경로를 찾을 수 없습니다)
2022-09-04 22:44:23,234 [ERROR] ApiFinderProperties:228 - Failed to read file additional_hw_images/X-NUCLEO-GNSS1A1.jpg: C:\Users\Shin\.stmcufinder\plugins\mcufinder\mcu\additional_hw_images\X-NUCLEO-GNSS1A1.jpg (지정된 경로를 찾을 수 없습니다)
2022-09-04 22:44:23,236 [ERROR] ApiFinderProperties:228 - Failed to read file additional_hw_images/X-NUCLEO-EEPRMA2.jpg: C:\Users\Shin\.stmcufinder\plugins\mcufinder\mcu\additional_hw_images\X-NUCLEO-EEPRMA2.jpg (지정된 경로를 찾을 수 없습니다)
2022-09-04 22:44:23,239 [ERROR] ApiFinderProperties:228 - Failed to read file additional_hw_images/X-NUCLEO-EEPRMA1.jpg: C:\Users\Shin\.stmcufinder\plugins\mcufinder\mcu\additional_hw_images\X-NUCLEO-EEPRMA1.jpg (지정된 경로를 찾을 수 없습니다)
2022-09-04 22:44:23,241 [ERROR] ApiFinderProperties:228 - Failed to read file additional_hw_images/X-NUCLEO-BNRG2A1.jpg: C:\Users\Shin\.stmcufinder\plugins\mcufinder\mcu\additional_hw_images\X-NUCLEO-BNRG2A1.jpg (지정된 경로를 찾을 수 없습니다)
2022-09-04 22:44:23,245 [ERROR] ApiFinderProperties:228 - Failed to read file additional_hw_images/X-NUCLEO-6283A1.jpg: C:\Users\Shin\.stmcufinder\plugins\mcufinder\mcu\additional_hw_images\X-NUCLEO-6283A1.jpg (지정된 경로를 찾을 수 없습니다)
2022-09-04 22:44:23,247 [ERROR] ApiFinderProperties:228 - Failed to read file additional_hw_images/VD6283TX.jpg: C:\Users\Shin\.stmcufinder\plugins\mcufinder\mcu\additional_hw_images\VD6283TX.jpg (지정된 경로를 찾을 수 없습니다)
2022-09-04 22:44:23,249 [ERROR] ApiFinderProperties:228 - Failed to read file additional_hw_images/Teseo-LIV3F.jpg: C:\Users\Shin\.stmcufinder\plugins\mcufinder\mcu\additional_hw_images\Teseo-LIV3F.jpg (지정된 경로를 찾을 수 없습니다)
2022-09-04 22:44:23,250 [ERROR] ApiFinderProperties:228 - Failed to read file additional_hw_images/STTS751.jpg: C:\Users\Shin\.stmcufinder\plugins\mcufinder\mcu\additional_hw_images\STTS751.jpg (지정된 경로를 찾을 수 없습니다)
2022-09-04 22:44:23,251 [ERROR] ApiFinderProperties:228 - Failed to read file additional_hw_images/STEVAL-MKI209V1K.jpg: C:\Users\Shin\.stmcufinder\plugins\mcufinder\mcu\additional_hw_images\STEVAL-MKI209V1K.jpg (지정된 경로를 찾을 수 없습니다)
2022-09-04 22:44:23,253 [ERROR] ApiFinderProperties:228 - Failed to read file additional_hw_images/ST25DV64KC.jpg: C:\Users\Shin\.stmcufinder\plugins\mcufinder\mcu\additional_hw_images\ST25DV64KC.jpg (지정된 경로를 찾을 수 없습니다)
2022-09-04 22:44:23,254 [ERROR] ApiFinderProperties:228 - Failed to read file additional_hw_images/ST25DV04K.jpg: C:\Users\Shin\.stmcufinder\plugins\mcufinder\mcu\additional_hw_images\ST25DV04K.jpg (지정된 경로를 찾을 수 없습니다)
2022-09-04 22:44:23,255 [ERROR] ApiFinderProperties:228 - Failed to read file additional_hw_images/S2-LP.jpg: C:\Users\Shin\.stmcufinder\plugins\mcufinder\mcu\additional_hw_images\S2-LP.jpg (지정된 경로를 찾을 수 없습니다)
2022-09-04 22:44:23,256 [ERROR] ApiFinderProperties:228 - Failed to read file additional_hw_images/M95M04-DR.jpg: C:\Users\Shin\.stmcufinder\plugins\mcufinder\mcu\additional_hw_images\M95M04-DR.jpg (지정된 경로를 찾을 수 없습니다)
2022-09-04 22:44:23,257 [ERROR] ApiFinderProperties:228 - Failed to read file additional_hw_images/M95M01-DF.jpg: C:\Users\Shin\.stmcufinder\plugins\mcufinder\mcu\additional_hw_images\M95M01-DF.jpg (지정된 경로를 찾을 수 없습니다)
2022-09-04 22:44:23,258 [ERROR] ApiFinderProperties:228 - Failed to read file additional_hw_images/M95256-DF.jpg: C:\Users\Shin\.stmcufinder\plugins\mcufinder\mcu\additional_hw_images\M95256-DF.jpg (지정된 경로를 찾을 수 없습니다)
2022-09-04 22:44:23,258 [ERROR] ApiFinderProperties:228 - Failed to read file additional_hw_images/M95040-R.jpg: C:\Users\Shin\.stmcufinder\plugins\mcufinder\mcu\additional_hw_images\M95040-R.jpg (지정된 경로를 찾을 수 없습니다)
2022-09-04 22:44:23,259 [ERROR] ApiFinderProperties:228 - Failed to read file additional_hw_images/M24M01-DF.jpg: C:\Users\Shin\.stmcufinder\plugins\mcufinder\mcu\additional_hw_images\M24M01-DF.jpg (지정된 경로를 찾을 수 없습니다)
2022-09-04 22:44:23,259 [ERROR] ApiFinderProperties:228 - Failed to read file additional_hw_images/M24C02-F.jpg: C:\Users\Shin\.stmcufinder\plugins\mcufinder\mcu\additional_hw_images\M24C02-F.jpg (지정된 경로를 찾을 수 없습니다)
2022-09-04 22:44:23,260 [ERROR] ApiFinderProperties:228 - Failed to read file additional_hw_images/M24256-DF.jpg: C:\Users\Shin\.stmcufinder\plugins\mcufinder\mcu\additional_hw_images\M24256-DF.jpg (지정된 경로를 찾을 수 없습니다)
2022-09-04 22:44:23,261 [ERROR] ApiFinderProperties:228 - Failed to read file additional_hw_images/LSM6DSO.jpg: C:\Users\Shin\.stmcufinder\plugins\mcufinder\mcu\additional_hw_images\LSM6DSO.jpg (지정된 경로를 찾을 수 없습니다)
2022-09-04 22:44:23,262 [ERROR] ApiFinderProperties:228 - Failed to read file additional_hw_images/LSM6DSL.jpg: C:\Users\Shin\.stmcufinder\plugins\mcufinder\mcu\additional_hw_images\LSM6DSL.jpg (지정된 경로를 찾을 수 없습니다)
2022-09-04 22:44:23,264 [ERROR] ApiFinderProperties:228 - Failed to read file additional_hw_images/LSM303AGR.jpg: C:\Users\Shin\.stmcufinder\plugins\mcufinder\mcu\additional_hw_images\LSM303AGR.jpg (지정된 경로를 찾을 수 없습니다)
2022-09-04 22:44:23,265 [ERROR] ApiFinderProperties:228 - Failed to read file additional_hw_images/LPS22HH.jpg: C:\Users\Shin\.stmcufinder\plugins\mcufinder\mcu\additional_hw_images\LPS22HH.jpg (지정된 경로를 찾을 수 없습니다)
2022-09-04 22:44:23,267 [ERROR] ApiFinderProperties:228 - Failed to read file additional_hw_images/LPS22HB.jpg: C:\Users\Shin\.stmcufinder\plugins\mcufinder\mcu\additional_hw_images\LPS22HB.jpg (지정된 경로를 찾을 수 없습니다)
2022-09-04 22:44:23,268 [ERROR] ApiFinderProperties:228 - Failed to read file additional_hw_images/LIS2MDL.jpg: C:\Users\Shin\.stmcufinder\plugins\mcufinder\mcu\additional_hw_images\LIS2MDL.jpg (지정된 경로를 찾을 수 없습니다)
2022-09-04 22:44:23,270 [ERROR] ApiFinderProperties:228 - Failed to read file additional_hw_images/LIS2DW12.jpg: C:\Users\Shin\.stmcufinder\plugins\mcufinder\mcu\additional_hw_images\LIS2DW12.jpg (지정된 경로를 찾을 수 없습니다)
2022-09-04 22:44:23,271 [ERROR] ApiFinderProperties:228 - Failed to read file additional_hw_images/ISM330DHCX.jpg: C:\Users\Shin\.stmcufinder\plugins\mcufinder\mcu\additional_hw_images\ISM330DHCX.jpg (지정된 경로를 찾을 수 없습니다)
2022-09-04 22:44:23,273 [ERROR] ApiFinderProperties:228 - Failed to read file additional_hw_images/IMP34DT05.jpg: C:\Users\Shin\.stmcufinder\plugins\mcufinder\mcu\additional_hw_images\IMP34DT05.jpg (지정된 경로를 찾을 수 없습니다)
2022-09-04 22:44:23,274 [ERROR] ApiFinderProperties:228 - Failed to read file additional_hw_images/IIS2MDC.jpg: C:\Users\Shin\.stmcufinder\plugins\mcufinder\mcu\additional_hw_images\IIS2MDC.jpg (지정된 경로를 찾을 수 없습니다)
2022-09-04 22:44:23,283 [ERROR] ApiFinderProperties:228 - Failed to read file additional_hw_images/IIS2ICLX.jpg: C:\Users\Shin\.stmcufinder\plugins\mcufinder\mcu\additional_hw_images\IIS2ICLX.jpg (지정된 경로를 찾을 수 없습니다)
2022-09-04 22:44:23,284 [ERROR] ApiFinderProperties:228 - Failed to read file additional_hw_images/IIS2DLPC.jpg: C:\Users\Shin\.stmcufinder\plugins\mcufinder\mcu\additional_hw_images\IIS2DLPC.jpg (지정된 경로를 찾을 수 없습니다)
2022-09-04 22:44:23,286 [ERROR] ApiFinderProperties:228 - Failed to read file additional_hw_images/HTS221.jpg: C:\Users\Shin\.stmcufinder\plugins\mcufinder\mcu\additional_hw_images\HTS221.jpg (지정된 경로를 찾을 수 없습니다)
2022-09-04 22:44:23,286 [ERROR] ApiFinderProperties:228 - Failed to read file additional_hw_images/BlueNRG-M2SP.jpg: C:\Users\Shin\.stmcufinder\plugins\mcufinder\mcu\additional_hw_images\BlueNRG-M2SP.jpg (지정된 경로를 찾을 수 없습니다)
2022-09-04 22:44:23,288 [ERROR] ApiFinderProperties:228 - Failed to read file additional_hw_images/BlueNRG-M0.jpg: C:\Users\Shin\.stmcufinder\plugins\mcufinder\mcu\additional_hw_images\BlueNRG-M0.jpg (지정된 경로를 찾을 수 없습니다)
2022-09-04 22:44:23,348 [WARN] ApiFinderProperties:110 - C:\Users\Shin\.stmcufinder\plugins\mcufinder\mcu\mcuFinder.mfd doesn't exist
2022-09-04 22:44:23,350 [INFO] ApiDb:249 - Set database path to: C:\Users\Shin\.stmcufinder\plugins\mcufinder//mcu/
2022-09-04 22:44:23,352 [INFO] DbMcusAds:124 - Set database path to: C:\Users\Shin\.stmcufinder\plugins\mcufinder//mcu/
2022-09-04 22:44:23,384 [INFO] CrossReferenceDbSqlite:201 - Set database path to: C:\Users\Shin\.stmcufinder\plugins\mcufinder//mcu/cs/
2022-09-04 22:44:23,482 [INFO] RulesReader:61 - Compatibility file has been processed (282 Rules)
2022-09-04 22:44:23,581 [INFO] DbMcusXml:77 - Set database path to: D:\STM32CubeIDE_1.10.1\STM32CubeIDE\plugins\com.st.stm32cube.common.mx_6.6.1.202207061420\\db\/mcu/
2022-09-04 22:44:23,582 [INFO] ApiDb:269 - Set plugin database path to: D:\STM32CubeIDE_1.10.1\STM32CubeIDE\plugins\com.st.stm32cube.common.mx_6.6.1.202207061420\\db\/plugins/boardmanager/
2022-09-04 22:44:23,582 [INFO] ApiDb:256 - Set plugin images path to: D:\STM32CubeIDE_1.10.1\STM32CubeIDE\plugins\com.st.stm32cube.common.mx_6.6.1.202207061420\\db\/plugins/mcufinder/images/
2022-09-04 22:44:23,583 [WARN] DbFile:40 - Overriding database path with different value: C:\Users\Shin\.stmcufinder\plugins\mcufinder/ => C:\Users\Shin\.stmcufinder\plugins\mcufinder
2022-09-04 22:44:23,583 [INFO] ApiDb:249 - Set database path to: C:\Users\Shin\.stmcufinder\plugins\mcufinder//mcu/
2022-09-04 22:44:23,583 [WARN] DbFile:40 - Overriding database path with different value: C:\Users\Shin\.stmcufinder\plugins\mcufinder/ => C:\Users\Shin\.stmcufinder\plugins\mcufinder
2022-09-04 22:44:23,583 [INFO] DbMcusAds:124 - Set database path to: C:\Users\Shin\.stmcufinder\plugins\mcufinder//mcu/
2022-09-04 22:44:23,583 [WARN] DbFile:40 - Overriding database path with different value: C:\Users\Shin\.stmcufinder\plugins\mcufinder/ => C:\Users\Shin\.stmcufinder\plugins\mcufinder
2022-09-04 22:44:23,584 [WARN] DbFile:40 - Overriding database path with different value: C:\Users\Shin\.stmcufinder\plugins\mcufinder/ => C:\Users\Shin\.stmcufinder\plugins\mcufinder
2022-09-04 22:44:23,584 [INFO] CrossReferenceDbSqlite:201 - Set database path to: C:\Users\Shin\.stmcufinder\plugins\mcufinder//mcu/cs/
2022-09-04 22:44:23,664 [INFO] MainPanel:242 - HeapMemory: 279969792
2022-09-04 22:44:23,751 [INFO] DbMcusXml:77 - Set database path to: D:\STM32CubeIDE_1.10.1\STM32CubeIDE\plugins\com.st.stm32cube.common.mx_6.6.1.202207061420\\db\/mcu/
2022-09-04 22:44:23,751 [INFO] ApiDb:269 - Set plugin database path to: D:\STM32CubeIDE_1.10.1\STM32CubeIDE\plugins\com.st.stm32cube.common.mx_6.6.1.202207061420\\db\/plugins/boardmanager/
2022-09-04 22:44:23,751 [INFO] ApiDb:256 - Set plugin images path to: D:\STM32CubeIDE_1.10.1\STM32CubeIDE\plugins\com.st.stm32cube.common.mx_6.6.1.202207061420\\db\/plugins/mcufinder/images/
2022-09-04 22:44:23,751 [WARN] DbFile:40 - Overriding database path with different value: C:\Users\Shin\.stmcufinder\plugins\mcufinder/ => C:\Users\Shin\.stmcufinder\plugins\mcufinder
2022-09-04 22:44:23,752 [INFO] ApiDb:249 - Set database path to: C:\Users\Shin\.stmcufinder\plugins\mcufinder//mcu/
2022-09-04 22:44:23,752 [WARN] DbFile:40 - Overriding database path with different value: C:\Users\Shin\.stmcufinder\plugins\mcufinder/ => C:\Users\Shin\.stmcufinder\plugins\mcufinder
2022-09-04 22:44:23,752 [INFO] DbMcusAds:124 - Set database path to: C:\Users\Shin\.stmcufinder\plugins\mcufinder//mcu/
2022-09-04 22:44:23,752 [WARN] DbFile:40 - Overriding database path with different value: C:\Users\Shin\.stmcufinder\plugins\mcufinder/ => C:\Users\Shin\.stmcufinder\plugins\mcufinder
2022-09-04 22:44:23,752 [WARN] DbFile:40 - Overriding database path with different value: C:\Users\Shin\.stmcufinder\plugins\mcufinder/ => C:\Users\Shin\.stmcufinder\plugins\mcufinder
2022-09-04 22:44:23,752 [INFO] CrossReferenceDbSqlite:201 - Set database path to: C:\Users\Shin\.stmcufinder\plugins\mcufinder//mcu/cs/
2022-09-04 22:44:23,774 [INFO] ApplicationProperties:181 - Using Application install path: D:\STM32CubeIDE_1.10.1\STM32CubeIDE\plugins\com.st.stm32cube.common.mx_6.6.1.202207061420
2022-09-04 22:44:23,776 [INFO] PluginManage:193 - Search for loadable plugins [exclusion list=, ]
2022-09-04 22:44:23,778 [INFO] PluginManage:307 - Check plugin analytics
2022-09-04 22:44:23,927 [INFO] AnalyticsPlugin:262 - Accepted Software Licenses: 
2022-09-04 22:44:23,929 [INFO] AnalyticsPlugin:264 - Accepted CMSIS Pack Licenses: 
2022-09-04 22:44:23,929 [INFO] AnalyticsPlugin:266 - Accepted Firmware Licenses: 
2022-09-04 22:44:23,937 [INFO] PluginManage:356 - Loaded plugin analytics (category:tool,tabindex:-1)
2022-09-04 22:44:23,938 [INFO] PluginManage:307 - Check plugin cadmodel
2022-09-04 22:44:23,942 [INFO] CADModel:65 - Init CAD model plugin
2022-09-04 22:44:23,943 [INFO] PluginManage:356 - Loaded plugin cadmodel (category:power,tabindex:5)
2022-09-04 22:44:23,943 [INFO] PluginManage:307 - Check plugin clock
2022-09-04 22:44:23,953 [INFO] PluginManage:356 - Loaded plugin clock (category:base,tabindex:2)
2022-09-04 22:44:23,954 [INFO] PluginManage:307 - Check plugin ddr
2022-09-04 22:44:23,957 [INFO] PluginManage:356 - Loaded plugin ddr (category:tool,tabindex:6)
2022-09-04 22:44:23,957 [INFO] PluginManage:307 - Check plugin filemanager
2022-09-04 22:44:24,102 [INFO] PluginManage:356 - Loaded plugin filemanager (category:base,tabindex:10)
2022-09-04 22:44:24,102 [INFO] PluginManage:307 - Check plugin ipmanager
2022-09-04 22:44:24,115 [INFO] PluginManage:356 - Loaded plugin ipmanager (category:base,tabindex:5)
2022-09-04 22:44:24,115 [INFO] PluginManage:307 - Check plugin lpbam
2022-09-04 22:44:24,125 [INFO] PluginManage:356 - Loaded plugin lpbam (category:base,tabindex:0)
2022-09-04 22:44:24,125 [INFO] PluginManage:307 - Check plugin pinoutandconfiguration
2022-09-04 22:44:24,133 [INFO] PluginManage:356 - Loaded plugin pinoutandconfiguration (category:base,tabindex:1)
2022-09-04 22:44:24,133 [INFO] PluginManage:307 - Check plugin pinoutconfig
2022-09-04 22:44:24,171 [INFO] PluginManage:356 - Loaded plugin pinoutconfig (category:base,tabindex:0)
2022-09-04 22:44:24,171 [INFO] PluginManage:307 - Check plugin power
2022-09-04 22:44:24,180 [INFO] PluginManage:356 - Loaded plugin power (category:power,tabindex:4)
2022-09-04 22:44:24,180 [INFO] PluginManage:307 - Check plugin projectmanager
2022-09-04 22:44:24,201 [INFO] PluginManage:356 - Loaded plugin projectmanager (category:projectmanager,tabindex:3)
2022-09-04 22:44:24,201 [INFO] PluginManage:307 - Check plugin thirdparty
2022-09-04 22:44:24,361 [INFO] PluginManage:356 - Loaded plugin thirdparty (category:base,tabindex:-1)
2022-09-04 22:44:24,361 [WARN] IntegrityCheckThread:82 - waiting for thirdparty lock release [integrity check]
2022-09-04 22:44:24,362 [INFO] PluginManage:307 - Check plugin tools
2022-09-04 22:44:24,362 [INFO] IntegrityCheckThread:84 - entering critical section [integrity check]
2022-09-04 22:44:24,365 [INFO] ThirdPartyUpdaterWithRetryManager:70 - Updater plugin not ready yet. [1/15]
2022-09-04 22:44:24,366 [INFO] PluginManage:356 - Loaded plugin tools (category:base,tabindex:7)
2022-09-04 22:44:24,366 [INFO] PluginManage:307 - Check plugin tutovideos
2022-09-04 22:44:24,662 [INFO] PluginManage:356 - Loaded plugin tutovideos (category:base,tabindex:-1)
2022-09-04 22:44:24,662 [INFO] PluginManage:307 - Check plugin updater
2022-09-04 22:44:24,678 [INFO] PluginManage:356 - Loaded plugin updater (category:base,tabindex:12)
2022-09-04 22:44:24,679 [INFO] PluginManage:280 - PluginManage : Loaded plugins [15]
2022-09-04 22:44:25,022 [INFO] PinOutPanel:1468 - setPackage(No Configuration,No Configuration)
2022-09-04 22:44:25,121 [INFO] CADModel:98 - CPN selected for project level
2022-09-04 22:44:25,141 [INFO] IPUIPlugin:79 - create IPUIPlugin
2022-09-04 22:44:25,142 [INFO] PluginManager:217 - loadIPPluginJar : add adc
2022-09-04 22:44:25,145 [INFO] IPUIPlugin:79 - create IPUIPlugin
2022-09-04 22:44:25,146 [INFO] PluginManager:217 - loadIPPluginJar : add aes
2022-09-04 22:44:25,149 [INFO] IPUIPlugin:79 - create IPUIPlugin
2022-09-04 22:44:25,149 [INFO] PluginManager:217 - loadIPPluginJar : add can
2022-09-04 22:44:25,152 [INFO] IPUIPlugin:79 - create IPUIPlugin
2022-09-04 22:44:25,152 [INFO] PluginManager:217 - loadIPPluginJar : add comp
2022-09-04 22:44:25,156 [INFO] IPUIPlugin:79 - create IPUIPlugin
2022-09-04 22:44:25,157 [INFO] PluginManager:217 - loadIPPluginJar : add cryp
2022-09-04 22:44:25,181 [INFO] IPUIPlugin:79 - create IPUIPlugin
2022-09-04 22:44:25,182 [INFO] PluginManager:217 - loadIPPluginJar : add dfsdm
2022-09-04 22:44:25,190 [INFO] IPUIPlugin:79 - create IPUIPlugin
2022-09-04 22:44:25,191 [INFO] PluginManager:217 - loadIPPluginJar : add dma
2022-09-04 22:44:25,194 [INFO] IPUIPlugin:79 - create IPUIPlugin
2022-09-04 22:44:25,195 [INFO] PluginManager:217 - loadIPPluginJar : add dma3
2022-09-04 22:44:25,197 [INFO] IPUIPlugin:79 - create IPUIPlugin
2022-09-04 22:44:25,197 [INFO] PluginManager:217 - loadIPPluginJar : add fatfs
2022-09-04 22:44:25,203 [INFO] IPUIPlugin:79 - create IPUIPlugin
2022-09-04 22:44:25,204 [INFO] PluginManager:217 - loadIPPluginJar : add fmc
2022-09-04 22:44:25,211 [INFO] IPUIPlugin:79 - create IPUIPlugin
2022-09-04 22:44:25,212 [INFO] PluginManager:217 - loadIPPluginJar : add freertos
2022-09-04 22:44:25,214 [INFO] IPUIPlugin:79 - create IPUIPlugin
2022-09-04 22:44:25,215 [INFO] PluginManager:217 - loadIPPluginJar : add genericplugin
2022-09-04 22:44:25,219 [INFO] IPUIPlugin:79 - create IPUIPlugin
2022-09-04 22:44:25,219 [INFO] PluginManager:217 - loadIPPluginJar : add gfxmmu
2022-09-04 22:44:25,225 [INFO] IPUIPlugin:79 - create IPUIPlugin
2022-09-04 22:44:25,226 [INFO] PluginManager:217 - loadIPPluginJar : add gic
2022-09-04 22:44:25,231 [INFO] IPUIPlugin:79 - create IPUIPlugin
2022-09-04 22:44:25,231 [INFO] PluginManager:217 - loadIPPluginJar : add gpio
2022-09-04 22:44:25,235 [INFO] IPUIPlugin:79 - create IPUIPlugin
2022-09-04 22:44:25,236 [INFO] PluginManager:217 - loadIPPluginJar : add gtzc
2022-09-04 22:44:25,240 [INFO] IPUIPlugin:79 - create IPUIPlugin
2022-09-04 22:44:25,240 [INFO] PluginManager:217 - loadIPPluginJar : add hash
2022-09-04 22:44:25,244 [INFO] IPUIPlugin:79 - create IPUIPlugin
2022-09-04 22:44:25,244 [INFO] PluginManager:217 - loadIPPluginJar : add i2c
2022-09-04 22:44:25,248 [INFO] IPUIPlugin:79 - create IPUIPlugin
2022-09-04 22:44:25,248 [INFO] PluginManager:217 - loadIPPluginJar : add i2s
2022-09-04 22:44:25,252 [INFO] IPUIPlugin:79 - create IPUIPlugin
2022-09-04 22:44:25,252 [INFO] PluginManager:217 - loadIPPluginJar : add ipddr
2022-09-04 22:44:25,259 [INFO] IPUIPlugin:79 - create IPUIPlugin
2022-09-04 22:44:25,260 [INFO] PluginManager:217 - loadIPPluginJar : add linkedlist
2022-09-04 22:44:25,263 [INFO] IPUIPlugin:79 - create IPUIPlugin
2022-09-04 22:44:25,263 [INFO] PluginManager:217 - loadIPPluginJar : add lorawan
2022-09-04 22:44:25,265 [INFO] IPUIPlugin:79 - create IPUIPlugin
2022-09-04 22:44:25,265 [INFO] PluginManager:217 - loadIPPluginJar : add ltdc
2022-09-04 22:44:25,271 [INFO] IPUIPlugin:79 - create IPUIPlugin
2022-09-04 22:44:25,271 [INFO] PluginManager:217 - loadIPPluginJar : add mdma
2022-09-04 22:44:25,275 [INFO] IPUIPlugin:79 - create IPUIPlugin
2022-09-04 22:44:25,275 [INFO] PluginManager:217 - loadIPPluginJar : add nvic
2022-09-04 22:44:25,280 [INFO] IPUIPlugin:79 - create IPUIPlugin
2022-09-04 22:44:25,281 [INFO] PluginManager:217 - loadIPPluginJar : add opamp
2022-09-04 22:44:25,284 [INFO] IPUIPlugin:79 - create IPUIPlugin
2022-09-04 22:44:25,284 [INFO] PluginManager:217 - loadIPPluginJar : add openamp
2022-09-04 22:44:25,288 [INFO] IPUIPlugin:79 - create IPUIPlugin
2022-09-04 22:44:25,289 [INFO] PluginManager:217 - loadIPPluginJar : add pdm2pcm
2022-09-04 22:44:25,295 [INFO] IPUIPlugin:79 - create IPUIPlugin
2022-09-04 22:44:25,298 [INFO] PluginManager:217 - loadIPPluginJar : add plateformsettings
2022-09-04 22:44:25,300 [INFO] IPUIPlugin:79 - create IPUIPlugin
2022-09-04 22:44:25,300 [INFO] PluginManager:217 - loadIPPluginJar : add quadspi
2022-09-04 22:44:25,304 [INFO] IPUIPlugin:79 - create IPUIPlugin
2022-09-04 22:44:25,304 [INFO] PluginManager:217 - loadIPPluginJar : add resmgrutility
2022-09-04 22:44:25,308 [INFO] IPUIPlugin:79 - create IPUIPlugin
2022-09-04 22:44:25,308 [INFO] PluginManager:217 - loadIPPluginJar : add sai
2022-09-04 22:44:25,311 [INFO] IPUIPlugin:79 - create IPUIPlugin
2022-09-04 22:44:25,311 [INFO] PluginManager:217 - loadIPPluginJar : add spi
2022-09-04 22:44:25,318 [INFO] IPUIPlugin:79 - create IPUIPlugin
2022-09-04 22:44:25,318 [INFO] PluginManager:217 - loadIPPluginJar : add stm32_wpan
2022-09-04 22:44:25,333 [INFO] IPUIPlugin:79 - create IPUIPlugin
2022-09-04 22:44:25,334 [INFO] PluginManager:217 - loadIPPluginJar : add tim
2022-09-04 22:44:25,337 [INFO] IPUIPlugin:79 - create IPUIPlugin
2022-09-04 22:44:25,338 [INFO] PluginManager:217 - loadIPPluginJar : add touchsensing
2022-09-04 22:44:25,340 [INFO] IPUIPlugin:79 - create IPUIPlugin
2022-09-04 22:44:25,341 [INFO] PluginManager:217 - loadIPPluginJar : add tracer_emb
2022-09-04 22:44:25,343 [INFO] IPUIPlugin:79 - create IPUIPlugin
2022-09-04 22:44:25,343 [INFO] PluginManager:217 - loadIPPluginJar : add ts
2022-09-04 22:44:25,345 [INFO] IPUIPlugin:79 - create IPUIPlugin
2022-09-04 22:44:25,346 [INFO] PluginManager:217 - loadIPPluginJar : add tsc
2022-09-04 22:44:25,348 [INFO] IPUIPlugin:79 - create IPUIPlugin
2022-09-04 22:44:25,348 [INFO] PluginManager:217 - loadIPPluginJar : add ucpd
2022-09-04 22:44:25,360 [INFO] IPUIPlugin:79 - create IPUIPlugin
2022-09-04 22:44:25,360 [INFO] PluginManager:217 - loadIPPluginJar : add usart
2022-09-04 22:44:25,364 [INFO] IPUIPlugin:79 - create IPUIPlugin
2022-09-04 22:44:25,364 [INFO] PluginManager:217 - loadIPPluginJar : add usbx
2022-09-04 22:44:25,712 [FATAL] Updater:301 - Updater called before beeing initialized
2022-09-04 22:44:25,854 [FATAL] Updater:301 - Updater called before beeing initialized
2022-09-04 22:44:25,863 [INFO] DbMcusAds:52 - JSON generation date=Thu Sep 30 15:55:09 KST 2021 (1632984909247)
2022-09-04 22:44:25,863 [FATAL] Updater:301 - Updater called before beeing initialized
2022-09-04 22:44:25,901 [WARN] DetailPanel:344 - Failed to get advertising image, set to default
2022-09-04 22:44:26,021 [FATAL] Updater:301 - Updater called before beeing initialized
2022-09-04 22:44:26,032 [FATAL] Updater:301 - Updater called before beeing initialized
2022-09-04 22:44:26,033 [FATAL] Updater:301 - Updater called before beeing initialized
2022-09-04 22:44:26,033 [WARN] DetailPanel:344 - Failed to get advertising image, set to default
2022-09-04 22:44:26,034 [FATAL] Updater:301 - Updater called before beeing initialized
2022-09-04 22:44:26,087 [ERROR] Updater:1105 - MainUpdater not yet initialized. External WinMGr cannot be set.
2022-09-04 22:44:26,089 [INFO] Updater:1041 - Updater Version found : 6.6.1
2022-09-04 22:44:26,106 [INFO] ApplicationProperties:181 - Using Application install path: D:\STM32CubeIDE_1.10.1\STM32CubeIDE\plugins\com.st.stm32cube.common.mx_6.6.1.202207061420
2022-09-04 22:44:26,135 [INFO] MainUpdater:516 - Copy updater definitions from MX database
2022-09-04 22:44:26,184 [INFO] MainUpdater:549 - Copy flag file definitions from MX database
2022-09-04 22:44:26,186 [INFO] MainUpdater:565 - Copy thirdparty index definitions from MX database
2022-09-04 22:44:26,189 [INFO] MainUpdater:584 - Copy default thirdparty db definitions from MX database
2022-09-04 22:44:26,326 [INFO] MainUpdater:2768 - connection check result : 10
2022-09-04 22:44:26,326 [INFO] MainUpdater:3453 - Updater definition file requires update
2022-09-04 22:44:26,328 [INFO] MainUpdater:280 - Updater Check For Update Now.
2022-09-04 22:44:26,329 [INFO] MicroXplorer:481 - Change Database Version : DB.6.0.60
2022-09-04 22:44:26,363 [INFO] ServerAccessManage:474 - Download File updaters.zip
2022-09-04 22:44:26,463 [INFO] FileExtend:239 - Unzip File : updaters.zip
2022-09-04 22:44:26,464 [INFO] FileExtend:254 - Standard Zip Deflate
2022-09-04 22:44:26,870 [INFO] ServerAccessManage:474 - Download File PacksControlFlags.xml
2022-09-04 22:44:26,955 [INFO] ServerAccessManage:474 - Download File cubemx.pidx
2022-09-04 22:44:27,112 [INFO] ServerAccessManage:474 - Download File STMicroelectronics.FP-ATR-ASTRA1.pdsc
2022-09-04 22:44:27,231 [INFO] ServerAccessManage:474 - Download File STMicroelectronics.X-CUBE-AI.pdsc
2022-09-04 22:44:27,368 [WARN] MainUpdater:1184 - Updater busy. Cannot search thirdparties
2022-09-04 22:44:27,369 [INFO] ThirdPartyUpdaterWithRetryManager:96 - Updater plugin is busy. [1/15]
2022-09-04 22:44:27,471 [INFO] ServerAccessManage:474 - Download File STMicroelectronics.X-CUBE-ALS.pdsc
2022-09-04 22:44:27,628 [INFO] ServerAccessManage:474 - Download File STMicroelectronics.X-CUBE-BLE1.pdsc
2022-09-04 22:44:28,659 [ERROR] ServerAccessManage:1090 - Problem, file not found on Server
2022-09-04 22:44:28,674 [INFO] ServerAccessManage:474 - Download File STMicroelectronics.X-CUBE-BLE2.pdsc
2022-09-04 22:44:28,853 [INFO] ServerAccessManage:474 - Download File STMicroelectronics.X-CUBE-BLEMGR.pdsc
2022-09-04 22:44:28,938 [INFO] ServerAccessManage:474 - Download File STMicroelectronics.X-CUBE-DISPLAY.pdsc
2022-09-04 22:44:29,111 [INFO] ServerAccessManage:474 - Download File STMicroelectronics.X-CUBE-EEPRMA1.pdsc
2022-09-04 22:44:29,232 [INFO] ServerAccessManage:474 - Download File STMicroelectronics.X-CUBE-GNSS1.pdsc
2022-09-04 22:44:30,267 [ERROR] ServerAccessManage:1090 - Problem, file not found on Server
2022-09-04 22:44:30,375 [WARN] MainUpdater:1184 - Updater busy. Cannot search thirdparties
2022-09-04 22:44:30,375 [INFO] ThirdPartyUpdaterWithRetryManager:96 - Updater plugin is busy. [2/15]
2022-09-04 22:44:30,772 [ERROR] ServerAccessManage:1090 - Problem, file not found on Server
2022-09-04 22:44:31,276 [ERROR] ServerAccessManage:1090 - Problem, file not found on Server
2022-09-04 22:44:31,947 [ERROR] ServerAccessManage:1090 - Problem, file not found on Server
2022-09-04 22:44:32,209 [ERROR] ServerAccessManage:1090 - Problem, file not found on Server
2022-09-04 22:44:32,703 [ERROR] ServerAccessManage:1090 - Problem, file not found on Server
2022-09-04 22:44:32,733 [INFO] ServerAccessManage:474 - Download File STMicroelectronics.X-CUBE-ISPU.pdsc
2022-09-04 22:44:32,867 [INFO] ServerAccessManage:474 - Download File STMicroelectronics.X-CUBE-MEMS1.pdsc
2022-09-04 22:44:33,376 [WARN] MainUpdater:1184 - Updater busy. Cannot search thirdparties
2022-09-04 22:44:33,376 [INFO] ThirdPartyUpdaterWithRetryManager:96 - Updater plugin is busy. [3/15]
2022-09-04 22:44:33,405 [INFO] ServerAccessManage:474 - Download File STMicroelectronics.X-CUBE-NFC4.pdsc
2022-09-04 22:44:33,622 [INFO] ServerAccessManage:474 - Download File STMicroelectronics.X-CUBE-NFC7.pdsc
2022-09-04 22:44:33,675 [INFO] ServerAccessManage:474 - Download File STMicroelectronics.X-CUBE-SFXS2LP1.pdsc
2022-09-04 22:44:33,791 [INFO] ServerAccessManage:474 - Download File STMicroelectronics.X-CUBE-SUBG2.pdsc
2022-09-04 22:44:34,046 [INFO] ServerAccessManage:474 - Download File STMicroelectronics.X-CUBE-TOF1.pdsc
2022-09-04 22:44:34,683 [ERROR] ServerAccessManage:1090 - Problem, file not found on Server
2022-09-04 22:44:34,728 [INFO] ServerAccessManage:474 - Download File STMicroelectronics.X-CUBE-TOUCHGFX.pdsc
2022-09-04 22:44:35,031 [INFO] ServerAccessManage:474 - Download File STMicroelectronics.X-CUBE-ALGOBUILD.pdsc
2022-09-04 22:44:35,163 [INFO] ServerAccessManage:474 - Download File STMicroelectronics.X-CUBE-AZRTOS-H7.pdsc
2022-09-04 22:44:35,318 [INFO] ServerAccessManage:474 - Download File STMicroelectronics.X-CUBE-AZRTOS-F4.pdsc
2022-09-04 22:44:35,444 [INFO] ServerAccessManage:474 - Download File STMicroelectronics.X-CUBE-AZRTOS-F7.pdsc
2022-09-04 22:44:35,565 [INFO] ServerAccessManage:474 - Download File STMicroelectronics.X-CUBE-AZRTOS-L4.pdsc
2022-09-04 22:44:35,682 [INFO] ServerAccessManage:474 - Download File STMicroelectronics.X-CUBE-AZRTOS-L5.pdsc
2022-09-04 22:44:35,834 [INFO] ServerAccessManage:474 - Download File STMicroelectronics.X-CUBE-AZRTOS-G0.pdsc
2022-09-04 22:44:35,990 [INFO] ServerAccessManage:474 - Download File STMicroelectronics.X-CUBE-AZRTOS-G4.pdsc
2022-09-04 22:44:36,100 [INFO] ServerAccessManage:474 - Download File STMicroelectronics.X-CUBE-AZRTOS-WL.pdsc
2022-09-04 22:44:36,391 [WARN] MainUpdater:1184 - Updater busy. Cannot search thirdparties
2022-09-04 22:44:36,391 [INFO] ThirdPartyUpdaterWithRetryManager:96 - Updater plugin is busy. [4/15]
2022-09-04 22:44:36,989 [INFO] ServerAccessManage:474 - Download File wolfSSL.I-CUBE-wolfSSL.pdsc
2022-09-04 22:44:39,312 [ERROR] ServerAccessManage:1090 - Problem, file not found on Server
2022-09-04 22:44:39,391 [WARN] MainUpdater:1184 - Updater busy. Cannot search thirdparties
2022-09-04 22:44:39,391 [INFO] ThirdPartyUpdaterWithRetryManager:96 - Updater plugin is busy. [5/15]
2022-09-04 22:44:39,767 [ERROR] ServerAccessManage:1090 - Problem, file not found on Server
2022-09-04 22:44:40,232 [ERROR] ServerAccessManage:1090 - Problem, file not found on Server
2022-09-04 22:44:41,426 [INFO] ServerAccessManage:474 - Download File RoweBots.I-CUBE-UNISONRTOS.pdsc
2022-09-04 22:44:42,406 [WARN] MainUpdater:1184 - Updater busy. Cannot search thirdparties
2022-09-04 22:44:42,406 [INFO] ThirdPartyUpdaterWithRetryManager:96 - Updater plugin is busy. [6/15]
2022-09-04 22:44:42,586 [ERROR] ServerAccessManage:1090 - Problem, file not found on Server
2022-09-04 22:44:43,166 [ERROR] ServerAccessManage:1090 - Problem, file not found on Server
2022-09-04 22:44:43,787 [ERROR] ServerAccessManage:1090 - Problem, file not found on Server
2022-09-04 22:44:44,512 [ERROR] ServerAccessManage:1090 - Problem, file not found on Server
2022-09-04 22:44:45,415 [WARN] MainUpdater:1184 - Updater busy. Cannot search thirdparties
2022-09-04 22:44:45,415 [INFO] ThirdPartyUpdaterWithRetryManager:96 - Updater plugin is busy. [7/15]
2022-09-04 22:44:45,765 [INFO] ServerAccessManage:474 - Download File SEGGER.I-CUBE-embOS.pdsc
2022-09-04 22:44:46,801 [INFO] MainUpdater:2768 - connection check result : 10
2022-09-04 22:44:48,428 [WARN] MainUpdater:1184 - Updater busy. Cannot search thirdparties
2022-09-04 22:44:48,428 [INFO] ThirdPartyUpdaterWithRetryManager:96 - Updater plugin is busy. [8/15]
2022-09-04 22:44:49,826 [INFO] ServerAccessManage:474 - Download File portGmbH.I-Cube-SoM-uGOAL.pdsc
2022-09-04 22:44:51,441 [WARN] MainUpdater:1184 - Updater busy. Cannot search thirdparties
2022-09-04 22:44:51,441 [INFO] ThirdPartyUpdaterWithRetryManager:96 - Updater plugin is busy. [9/15]
2022-09-04 22:44:52,526 [ERROR] ServerAccessManage:1090 - Problem, file not found on Server
2022-09-04 22:44:52,807 [ERROR] ServerAccessManage:1090 - Problem, file not found on Server
2022-09-04 22:44:53,087 [ERROR] ServerAccessManage:1090 - Problem, file not found on Server
2022-09-04 22:44:54,455 [WARN] MainUpdater:1184 - Updater busy. Cannot search thirdparties
2022-09-04 22:44:54,455 [INFO] ThirdPartyUpdaterWithRetryManager:96 - Updater plugin is busy. [10/15]
2022-09-04 22:44:54,834 [INFO] ServerAccessManage:474 - Download File emotas.I-CUBE-CANOPEN.pdsc
2022-09-04 22:44:55,581 [WARN] CheckServerUpdateThread:148 - Open CheckUpdateFile Fail
2022-09-04 22:44:55,595 [WARN] PackLoader:242 - Cannot read IP mode file for STMicroelectronics.FP-ATR-ASTRA1.1.1.1
2022-09-04 22:44:55,607 [WARN] PackLoader:242 - Cannot read IP mode file for STMicroelectronics.X-CUBE-AI.7.2.0
2022-09-04 22:44:55,615 [WARN] PackLoader:242 - Cannot read IP mode file for STMicroelectronics.X-CUBE-ALS.1.0.1
2022-09-04 22:44:55,623 [WARN] PackLoader:242 - Cannot read IP mode file for STMicroelectronics.X-CUBE-BLE1.6.2.3
2022-09-04 22:44:55,629 [WARN] PackLoader:242 - Cannot read IP mode file for STMicroelectronics.X-CUBE-BLE2.3.3.0
2022-09-04 22:44:55,645 [WARN] PackLoader:242 - Cannot read IP mode file for STMicroelectronics.X-CUBE-BLEMGR.1.0.0
2022-09-04 22:44:55,658 [WARN] PackLoader:242 - Cannot read IP mode file for STMicroelectronics.X-CUBE-DISPLAY.2.2.0
2022-09-04 22:44:55,668 [WARN] PackLoader:242 - Cannot read IP mode file for STMicroelectronics.X-CUBE-EEPRMA1.3.1.1
2022-09-04 22:44:55,675 [WARN] PackLoader:242 - Cannot read IP mode file for STMicroelectronics.X-CUBE-GNSS1.6.0.0
2022-09-04 22:44:55,681 [WARN] PackLoader:242 - Cannot read IP mode file for STMicroelectronics.X-CUBE-ISPU.1.0.0
2022-09-04 22:44:55,712 [INFO] CheckServerUpdateThread:119 - End of CheckServer Thread
2022-09-04 22:44:55,732 [WARN] PackLoader:242 - Cannot read IP mode file for STMicroelectronics.X-CUBE-MEMS1.9.3.0
2022-09-04 22:44:55,754 [INFO] McuFinderGlobals:57 - Set McuFinderConnectedMode to true
2022-09-04 22:44:55,887 [INFO] ServerAccessManage:474 - Download File mcusAds.json._tmp_
2022-09-04 22:44:55,920 [WARN] PackLoader:242 - Cannot read IP mode file for STMicroelectronics.X-CUBE-NFC4.2.0.4
2022-09-04 22:44:55,929 [WARN] PackLoader:242 - Cannot read IP mode file for STMicroelectronics.X-CUBE-NFC7.1.0.0
2022-09-04 22:44:55,943 [WARN] PackLoader:242 - Cannot read IP mode file for STMicroelectronics.X-CUBE-SFXS2LP1.4.0.0
2022-09-04 22:44:55,961 [WARN] PackLoader:242 - Cannot read IP mode file for STMicroelectronics.X-CUBE-SUBG2.5.0.0
2022-09-04 22:44:55,991 [WARN] PackLoader:242 - Cannot read IP mode file for STMicroelectronics.X-CUBE-TOF1.3.1.0
2022-09-04 22:44:56,007 [WARN] PackLoader:242 - Cannot read IP mode file for STMicroelectronics.X-CUBE-TOUCHGFX.4.20.0
2022-09-04 22:44:56,008 [INFO] LoadUrlFilesThread:150 - End of LoadUrlFiles Thread
2022-09-04 22:44:56,020 [WARN] PackLoader:242 - Cannot read IP mode file for STMicroelectronics.X-CUBE-ALGOBUILD.1.3.0
2022-09-04 22:44:56,070 [WARN] PackLoader:242 - Cannot read IP mode file for STMicroelectronics.X-CUBE-AZRTOS-H7.2.1.0
2022-09-04 22:44:56,109 [WARN] PackLoader:242 - Cannot read IP mode file for STMicroelectronics.X-CUBE-AZRTOS-F4.1.1.0
2022-09-04 22:44:56,134 [WARN] PackLoader:242 - Cannot read IP mode file for STMicroelectronics.X-CUBE-AZRTOS-F7.1.1.0
2022-09-04 22:44:56,155 [WARN] PackLoader:242 - Cannot read IP mode file for STMicroelectronics.X-CUBE-AZRTOS-L4.1.0.0
2022-09-04 22:44:56,179 [WARN] PackLoader:242 - Cannot read IP mode file for STMicroelectronics.X-CUBE-AZRTOS-L5.1.0.0
2022-09-04 22:44:56,198 [WARN] PackLoader:242 - Cannot read IP mode file for STMicroelectronics.X-CUBE-AZRTOS-G0.1.1.0
2022-09-04 22:44:56,216 [WARN] PackLoader:242 - Cannot read IP mode file for STMicroelectronics.X-CUBE-AZRTOS-G4.1.0.0
2022-09-04 22:44:56,231 [WARN] PackLoader:242 - Cannot read IP mode file for STMicroelectronics.X-CUBE-AZRTOS-WL.1.0.0
2022-09-04 22:44:56,237 [WARN] PackLoader:242 - Cannot read IP mode file for wolfSSL.I-CUBE-wolfSSL.5.5.0
2022-09-04 22:44:56,253 [WARN] PackLoader:242 - Cannot read IP mode file for RoweBots.I-CUBE-UNISONRTOS.5.5.0-4
2022-09-04 22:44:56,286 [WARN] PackLoader:242 - Cannot read IP mode file for SEGGER.I-CUBE-embOS.1.2.0
2022-09-04 22:44:56,338 [WARN] PackLoader:242 - Cannot read IP mode file for portGmbH.I-Cube-SoM-uGOAL.1.1.0
2022-09-04 22:44:56,348 [WARN] PackLoader:242 - Cannot read IP mode file for emotas.I-CUBE-CANOPEN.1.1.2
2022-09-04 22:44:56,350 [INFO] PopulateThirdPartyThread:64 - Ending populate Thread
2022-09-04 22:44:56,352 [INFO] ThirdParty:981 - CMSIS Pack Vendor :RoweBots I-CUBE-UNISONRTOS 5.5.0-4
2022-09-04 22:44:56,353 [INFO] ThirdParty:981 - CMSIS Pack Vendor :STMicroelectronics X-CUBE-GNSS1 6.0.0
2022-09-04 22:44:56,353 [INFO] ThirdParty:981 - CMSIS Pack Vendor :STMicroelectronics X-CUBE-AZRTOS-H7 2.1.0
2022-09-04 22:44:56,353 [INFO] ThirdParty:981 - CMSIS Pack Vendor :STMicroelectronics X-CUBE-AZRTOS-F4 1.1.0
2022-09-04 22:44:56,353 [INFO] ThirdParty:981 - CMSIS Pack Vendor :STMicroelectronics X-CUBE-AZRTOS-G4 1.0.0
2022-09-04 22:44:56,353 [INFO] ThirdParty:981 - CMSIS Pack Vendor :STMicroelectronics X-CUBE-AZRTOS-L4 1.0.0
2022-09-04 22:44:56,353 [INFO] ThirdParty:981 - CMSIS Pack Vendor :wolfSSL I-CUBE-wolfSSL 5.5.0
2022-09-04 22:44:56,353 [INFO] ThirdParty:981 - CMSIS Pack Vendor :emotas I-CUBE-CANOPEN 1.1.2
2022-09-04 22:44:56,353 [INFO] ThirdParty:981 - CMSIS Pack Vendor :STMicroelectronics X-CUBE-TOUCHGFX 4.20.0
2022-09-04 22:44:56,353 [INFO] ThirdParty:981 - CMSIS Pack Vendor :STMicroelectronics X-CUBE-NFC7 1.0.0
2022-09-04 22:44:56,353 [INFO] ThirdParty:981 - CMSIS Pack Vendor :STMicroelectronics X-CUBE-BLEMGR 1.0.0
2022-09-04 22:44:56,353 [INFO] ThirdParty:981 - CMSIS Pack Vendor :STMicroelectronics X-CUBE-AZRTOS-WL 1.0.0
2022-09-04 22:44:56,353 [INFO] ThirdParty:981 - CMSIS Pack Vendor :STMicroelectronics X-CUBE-AZRTOS-F7 1.1.0
2022-09-04 22:44:56,353 [INFO] ThirdParty:981 - CMSIS Pack Vendor :STMicroelectronics X-CUBE-ALS 1.0.1
2022-09-04 22:44:56,353 [INFO] ThirdParty:981 - CMSIS Pack Vendor :STMicroelectronics X-CUBE-MEMS1 9.3.0
2022-09-04 22:44:56,353 [INFO] ThirdParty:981 - CMSIS Pack Vendor :portGmbH I-Cube-SoM-uGOAL 1.1.0
2022-09-04 22:44:56,353 [INFO] ThirdParty:981 - CMSIS Pack Vendor :STMicroelectronics X-CUBE-AI 7.2.0
2022-09-04 22:44:56,353 [INFO] ThirdParty:981 - CMSIS Pack Vendor :STMicroelectronics X-CUBE-BLE1 6.2.3
2022-09-04 22:44:56,353 [INFO] ThirdParty:981 - CMSIS Pack Vendor :STMicroelectronics X-CUBE-ALGOBUILD 1.3.0
2022-09-04 22:44:56,353 [INFO] ThirdParty:981 - CMSIS Pack Vendor :STMicroelectronics X-CUBE-AZRTOS-L5 1.0.0
2022-09-04 22:44:56,354 [INFO] ThirdParty:981 - CMSIS Pack Vendor :STMicroelectronics X-CUBE-AZRTOS-G0 1.1.0
2022-09-04 22:44:56,354 [INFO] ThirdParty:981 - CMSIS Pack Vendor :STMicroelectronics X-CUBE-SUBG2 5.0.0
2022-09-04 22:44:56,354 [INFO] ThirdParty:981 - CMSIS Pack Vendor :SEGGER I-CUBE-embOS 1.2.0
2022-09-04 22:44:56,354 [INFO] ThirdParty:981 - CMSIS Pack Vendor :STMicroelectronics X-CUBE-EEPRMA1 3.1.1
2022-09-04 22:44:56,354 [INFO] ThirdParty:981 - CMSIS Pack Vendor :STMicroelectronics X-CUBE-SFXS2LP1 4.0.0
2022-09-04 22:44:56,354 [INFO] ThirdParty:981 - CMSIS Pack Vendor :STMicroelectronics X-CUBE-BLE2 3.3.0
2022-09-04 22:44:56,354 [INFO] ThirdParty:981 - CMSIS Pack Vendor :STMicroelectronics X-CUBE-NFC4 2.0.4
2022-09-04 22:44:56,354 [INFO] ThirdParty:981 - CMSIS Pack Vendor :STMicroelectronics X-CUBE-DISPLAY 2.2.0
2022-09-04 22:44:56,354 [INFO] ThirdParty:981 - CMSIS Pack Vendor :STMicroelectronics FP-ATR-ASTRA1 1.1.1
2022-09-04 22:44:56,354 [INFO] ThirdParty:981 - CMSIS Pack Vendor :STMicroelectronics X-CUBE-ISPU 1.0.0
2022-09-04 22:44:56,354 [INFO] ThirdParty:981 - CMSIS Pack Vendor :STMicroelectronics X-CUBE-TOF1 3.1.0
2022-09-04 22:44:56,355 [INFO] LoadServerUpdatesThread:367 - End of LoadServerUpdate Thread
2022-09-04 22:44:57,468 [WARN] MainUpdater:1184 - Updater busy. Cannot search thirdparties
2022-09-04 22:44:57,468 [INFO] ThirdPartyUpdaterWithRetryManager:96 - Updater plugin is busy. [11/15]
2022-09-04 22:44:58,147 [INFO] ServerAccessManage:474 - Download File cube-finder-db.zip
2022-09-04 22:45:00,472 [WARN] MainUpdater:1184 - Updater busy. Cannot search thirdparties
2022-09-04 22:45:00,472 [INFO] ThirdPartyUpdaterWithRetryManager:96 - Updater plugin is busy. [12/15]
2022-09-04 22:45:01,379 [INFO] FileExtend:239 - Unzip File : cube-finder-db.zip
2022-09-04 22:45:01,379 [INFO] FileExtend:254 - Standard Zip Deflate
2022-09-04 22:45:01,935 [INFO] LoadUrlFilesThread:150 - End of LoadUrlFiles Thread
2022-09-04 22:45:03,427 [INFO] ServerAccessManage:474 - Download File crdb.zip
2022-09-04 22:45:03,480 [WARN] MainUpdater:1184 - Updater busy. Cannot search thirdparties
2022-09-04 22:45:03,480 [INFO] ThirdPartyUpdaterWithRetryManager:96 - Updater plugin is busy. [13/15]
2022-09-04 22:45:05,232 [INFO] FileExtend:239 - Unzip File : crdb.zip
2022-09-04 22:45:05,233 [INFO] FileExtend:254 - Standard Zip Deflate
2022-09-04 22:45:05,373 [INFO] LoadUrlFilesThread:150 - End of LoadUrlFiles Thread
2022-09-04 22:45:06,485 [WARN] MainUpdater:1184 - Updater busy. Cannot search thirdparties
2022-09-04 22:45:06,485 [INFO] ThirdPartyUpdaterWithRetryManager:96 - Updater plugin is busy. [14/15]
2022-09-04 22:45:07,389 [INFO] ServerAccessManage:474 - Download File tutoVideoDB.zip
2022-09-04 22:45:07,396 [INFO] FileExtend:239 - Unzip File : tutoVideoDB.zip
2022-09-04 22:45:07,397 [INFO] FileExtend:254 - Standard Zip Deflate
2022-09-04 22:45:07,517 [INFO] LoadUrlFilesThread:150 - End of LoadUrlFiles Thread
2022-09-04 22:45:07,528 [INFO] JxBrowserEngine:106 - Initiate JxBrowser Engine with user profile folder
2022-09-04 22:45:07,704 [ERROR] JxBrowserEngine:59 - Can't initiate JxBrowser engine com.teamdev.jxbrowser.engine.ChromiumBinariesExtractionException: Failed to extract Chromium binaries into C:\Users\Shin\.stm32cubemx\.jxbrowser\Chromium
2022-09-04 22:45:07,704 [WARN] DbFile:40 - Overriding database path with different value: C:\Users\Shin\.stmcufinder\plugins\mcufinder/ => C:\Users\Shin\.stmcufinder\plugins\mcufinder
2022-09-04 22:45:07,742 [INFO] ServerAccessManage:474 - Download File api_config.json
2022-09-04 22:45:07,865 [INFO] LoadUrlFilesThread:150 - End of LoadUrlFiles Thread
2022-09-04 22:45:07,866 [INFO] DbMcusAds:52 - JSON generation date=Thu Sep 30 15:55:09 KST 2021 (1632984909265)
2022-09-04 22:45:08,029 [INFO] ServerAccessManage:474 - Download File 
2022-09-04 22:45:08,055 [INFO] LoadUrlFilesThread:177 - End of LoadServerUrlFiles without Thread
2022-09-04 22:45:08,055 [INFO] TargetSelectorAdapter:228 - Refresh data is successful
2022-09-04 22:45:08,205 [INFO] ApiDb:576 - Connected to CubeFinder SQLite database (C:\Users\Shin\.stmcufinder\plugins\mcufinder\mcu\cube-finder-db.db)
2022-09-04 22:45:08,236 [INFO] ApiDb:663 - CubeFinder database Data Model version=2.1
2022-09-04 22:45:08,237 [INFO] ApiDb:664 - CubeFinder database Configuration version=3.0.32
2022-09-04 22:45:08,237 [INFO] ApiDb:665 - CubeFinder database generation date=2022-08-05 (1659688109)
2022-09-04 22:45:08,237 [INFO] ApiDb:666 - CubeFinder database FW Pack versions=[STM32Cube_FW_C0_V1.0.0, STM32Cube_FW_F4_V1.27.1, STM32Cube_FW_F7_V1.17.0, STM32Cube_FW_G0_V1.6.1, STM32Cube_FW_G4_V1.5.0, STM32Cube_FW_H7_V1.10.0, STM32Cube_FW_L5_V1.4.0, STM32Cube_FW_U5_V1.1.1, STM32Cube_FW_WB_V1.14.1, STM32Cube_FW_WL_V1.2.0, X-CUBE-ALGOBUILD_V1.3.0, X-CUBE-ALS_V1.0.1, X-CUBE-AZRTOS-F4_V1.1.0, X-CUBE-AZRTOS-F7_V1.1.0, X-CUBE-AZRTOS-G0_V1.1.0, X-CUBE-AZRTOS-G4_V1.0.0, X-CUBE-AZRTOS-H7_V2.1.0, X-CUBE-AZRTOS-L4_V1.0.0, X-CUBE-AZRTOS-L5_V1.0.0, X-CUBE-AZRTOS-WL_V1.0.0, X-CUBE-BLE1_V6.2.3, X-CUBE-BLE2_V3.3.0, X-CUBE-EEPRMA1_V3.1.1, X-CUBE-GNSS1_V6.0.0, X-CUBE-MEMS1_V9.1.0, X-CUBE-MEMS1_V9.3.0, X-CUBE-NFC4_V2.0.4, X-CUBE-NFC7_V1.0.0, X-CUBE-SFXS2LP1_V4.0.0, X-CUBE-SUBG2_V5.0.0]
2022-09-04 22:45:09,667 [WARN] PackLoader:242 - Cannot read IP mode file for STMicroelectronics.X-CUBE-GNSS1.6.0.0
2022-09-04 22:45:09,686 [WARN] PackLoader:242 - Cannot read IP mode file for STMicroelectronics.X-CUBE-AZRTOS-F4.1.1.0
2022-09-04 22:45:09,731 [WARN] PackLoader:242 - Cannot read IP mode file for STMicroelectronics.X-CUBE-AZRTOS-F7.1.1.0
2022-09-04 22:45:09,740 [WARN] PackLoader:242 - Cannot read IP mode file for STMicroelectronics.X-CUBE-BLE1.6.2.3
2022-09-04 22:45:09,747 [WARN] PackLoader:242 - Cannot read IP mode file for STMicroelectronics.X-CUBE-NFC4.2.0.4
2022-09-04 22:45:09,757 [WARN] PackLoader:242 - Cannot read IP mode file for STMicroelectronics.X-CUBE-TOF1.3.1.0
2022-09-04 22:45:09,766 [WARN] PackLoader:242 - Cannot read IP mode file for wolfSSL.I-CUBE-wolfSSL.5.5.0
2022-09-04 22:45:09,778 [WARN] PackLoader:242 - Cannot read IP mode file for STMicroelectronics.X-CUBE-NFC7.1.0.0
2022-09-04 22:45:09,820 [WARN] PackLoader:242 - Cannot read IP mode file for STMicroelectronics.X-CUBE-MEMS1.9.3.0
2022-09-04 22:45:09,879 [INFO] ApiDb:239 - Found 138 in-development CPN: [B-WB1M-WPAN1, NUCLEO-C031C6, STEVAL-STWINBX1, STM320518-EVAL, STM32C0116-DK, STM32C011D6Y3TR, STM32C011D6Y6TR, STM32C011F4P3, STM32C011F4P6, STM32C011F4U3, STM32C011F4U6TR, STM32C011F6P3, STM32C011F6P6, STM32C011F6U3, STM32C011F6U6TR, STM32C011J4M3, STM32C011J4M6, STM32C011J6M3, STM32C011J6M6, STM32C0316-DK, STM32C031C4T3, STM32C031C4T6, STM32C031C4U3, STM32C031C4U6, STM32C031C6T3, STM32C031C6T6, STM32C031C6U3, STM32C031C6U6, STM32C031F4P3, STM32C031F4P6, STM32C031F6P3, STM32C031F6P6, STM32C031G4U3, STM32C031G4U6, STM32C031G6U3, STM32C031G6U6, STM32C031K4T3, STM32C031K4T6, STM32C031K4U3, STM32C031K4U6, STM32C031K6T3, STM32C031K6T6, STM32C031K6U3, STM32C031K6U6, STM32G071K8TXN, STM32G071K8UXN, STM32G081GBU6N, STM32G081KBT6N, STM32G081KBUXN, STM32G0B1CCT6N, STM32G0B1KCT6, STM32G0B1NEY6TR, STM32G0B1RCT6N, STM32G0C1CCT6, STM32G0C1CCT6N, STM32G0C1CCU6N, STM32G0C1CET6N, STM32G0C1CEU6N, STM32G0C1KCT6, STM32G0C1NEY6TR, STM32G0C1RCI6N, STM32G0C1RCT6N, STM32G0C1REI6N, STM32G0C1RET6N, STM32G0C1VCI6, STM32G0C1VEI6, STM32G471CCT6, STM32G471CCU6, STM32G471CET3, STM32G471CET6, STM32G471CEU3, STM32G471CEU6, STM32G471MCT6, STM32G471MET3, STM32G471MET6, STM32G471MEY6TR, STM32G471QCT6, STM32G471QET3, STM32G471RCT6, STM32G471RET3, STM32G471RET6, STM32G471VCH6, STM32G471VCI6, STM32G471VCT6, STM32G471VEH3, STM32G471VEH6, STM32G471VEI3, STM32G471VEI6, STM32G471VET3, STM32G471VET6, STM32G474CCT6, STM32L476VGY6PTR, STM32L4R5QGI6STR, STM32MP131AAE3, STM32MP131AAF3, STM32MP131AAG3, STM32MP131CAE3, STM32MP131CAF3, STM32MP131CAG3, STM32MP131DAE7, STM32MP131DAF7, STM32MP131DAG7, STM32MP131FAE7, STM32MP131FAF7, STM32MP131FAG7, STM32MP133AAE3, STM32MP133AAF3, STM32MP133AAG3, STM32MP133CAE3, STM32MP133CAF3, STM32MP133CAG3, STM32MP133DAE7, STM32MP133DAF7, STM32MP133DAG7, STM32MP133FAE7, STM32MP133FAF7, STM32MP133FAG7, STM32MP135AAE3, STM32MP135AAF3, STM32MP135AAG3, STM32MP135CAE3, STM32MP135CAF3, STM32MP135CAG3, STM32MP135DAE7, STM32MP135DAF7, STM32MP135DAG7, STM32MP135F-DK, STM32MP135FAE7, STM32MP135FAF7, STM32MP135FAG7, STM32U595ZJT6Q, STM32U599BJY6QTR, STM32U599NIH6Q, STM32U599NJH6Q, STM32U5A5ZJT6Q, STM32U5A9BJY6QTR, STM32U5A9NJH6Q, STM32WB1MMCH6]
2022-09-04 22:45:09,886 [INFO] DbMcus:215 - Found 3542 MCUs, 3542 are supported
2022-09-04 22:45:09,887 [INFO] ApiDb:409 - User favorites file not found: C:\Users\Shin/.stm32cubeide/favorites.mcus.txt
2022-09-04 22:45:09,888 [INFO] DbMcus:221 - Set 0 / 0 favorites MCUs
2022-09-04 22:45:09,893 [INFO] ApiDb:663 - CubeFinder database Data Model version=2.1
2022-09-04 22:45:09,893 [INFO] ApiDb:664 - CubeFinder database Configuration version=3.0.32
2022-09-04 22:45:09,893 [INFO] ApiDb:665 - CubeFinder database generation date=2022-08-05 (1659688109)
2022-09-04 22:45:09,902 [INFO] ApiDb:666 - CubeFinder database FW Pack versions=[STM32Cube_FW_C0_V1.0.0, STM32Cube_FW_F4_V1.27.1, STM32Cube_FW_F7_V1.17.0, STM32Cube_FW_G0_V1.6.1, STM32Cube_FW_G4_V1.5.0, STM32Cube_FW_H7_V1.10.0, STM32Cube_FW_L5_V1.4.0, STM32Cube_FW_U5_V1.1.1, STM32Cube_FW_WB_V1.14.1, STM32Cube_FW_WL_V1.2.0, X-CUBE-ALGOBUILD_V1.3.0, X-CUBE-ALS_V1.0.1, X-CUBE-AZRTOS-F4_V1.1.0, X-CUBE-AZRTOS-F7_V1.1.0, X-CUBE-AZRTOS-G0_V1.1.0, X-CUBE-AZRTOS-G4_V1.0.0, X-CUBE-AZRTOS-H7_V2.1.0, X-CUBE-AZRTOS-L4_V1.0.0, X-CUBE-AZRTOS-L5_V1.0.0, X-CUBE-AZRTOS-WL_V1.0.0, X-CUBE-BLE1_V6.2.3, X-CUBE-BLE2_V3.3.0, X-CUBE-EEPRMA1_V3.1.1, X-CUBE-GNSS1_V6.0.0, X-CUBE-MEMS1_V9.1.0, X-CUBE-MEMS1_V9.3.0, X-CUBE-NFC4_V2.0.4, X-CUBE-NFC7_V1.0.0, X-CUBE-SFXS2LP1_V4.0.0, X-CUBE-SUBG2_V5.0.0]
2022-09-04 22:45:09,923 [WARN] PackLoader:242 - Cannot read IP mode file for STMicroelectronics.X-CUBE-AI.7.2.0
2022-09-04 22:45:09,943 [WARN] PackLoader:242 - Cannot read IP mode file for STMicroelectronics.X-CUBE-SFXS2LP1.4.0.0
2022-09-04 22:45:09,949 [WARN] PackLoader:242 - Cannot read IP mode file for STMicroelectronics.X-CUBE-BLE2.3.3.0
2022-09-04 22:45:09,956 [WARN] PackLoader:242 - Cannot read IP mode file for STMicroelectronics.X-CUBE-DISPLAY.2.2.0
2022-09-04 22:45:09,963 [WARN] PackLoader:242 - Cannot read IP mode file for STMicroelectronics.X-CUBE-ISPU.1.0.0
2022-09-04 22:45:09,970 [WARN] PackLoader:242 - Cannot read IP mode file for RoweBots.I-CUBE-UNISONRTOS.5.5.0-4
2022-09-04 22:45:09,978 [INFO] DbBoardsSqlite:227 - include board P-NUCLEO-WB55-NUCLEO as a kit item of type 'Nucleo-64'
2022-09-04 22:45:09,979 [INFO] DbBoardsSqlite:227 - include board P-NUCLEO-WB55-USBDONGLE as a kit item of type 'Nucleo USB Dongle'
2022-09-04 22:45:09,980 [INFO] DbBoardsSqlite:227 - include board STEVAL-IDP005V1 as a kit item of type 'Evaluation Board'
2022-09-04 22:45:09,980 [INFO] DbBoardsSqlite:227 - include board STEVAL-IDP005V2 as a kit item of type 'Evaluation Board'
2022-09-04 22:45:09,984 [WARN] PackLoader:242 - Cannot read IP mode file for STMicroelectronics.X-CUBE-AZRTOS-H7.2.1.0
2022-09-04 22:45:09,990 [INFO] ApiDb:239 - Found 138 in-development CPN: [B-WB1M-WPAN1, NUCLEO-C031C6, STEVAL-STWINBX1, STM320518-EVAL, STM32C0116-DK, STM32C011D6Y3TR, STM32C011D6Y6TR, STM32C011F4P3, STM32C011F4P6, STM32C011F4U3, STM32C011F4U6TR, STM32C011F6P3, STM32C011F6P6, STM32C011F6U3, STM32C011F6U6TR, STM32C011J4M3, STM32C011J4M6, STM32C011J6M3, STM32C011J6M6, STM32C0316-DK, STM32C031C4T3, STM32C031C4T6, STM32C031C4U3, STM32C031C4U6, STM32C031C6T3, STM32C031C6T6, STM32C031C6U3, STM32C031C6U6, STM32C031F4P3, STM32C031F4P6, STM32C031F6P3, STM32C031F6P6, STM32C031G4U3, STM32C031G4U6, STM32C031G6U3, STM32C031G6U6, STM32C031K4T3, STM32C031K4T6, STM32C031K4U3, STM32C031K4U6, STM32C031K6T3, STM32C031K6T6, STM32C031K6U3, STM32C031K6U6, STM32G071K8TXN, STM32G071K8UXN, STM32G081GBU6N, STM32G081KBT6N, STM32G081KBUXN, STM32G0B1CCT6N, STM32G0B1KCT6, STM32G0B1NEY6TR, STM32G0B1RCT6N, STM32G0C1CCT6, STM32G0C1CCT6N, STM32G0C1CCU6N, STM32G0C1CET6N, STM32G0C1CEU6N, STM32G0C1KCT6, STM32G0C1NEY6TR, STM32G0C1RCI6N, STM32G0C1RCT6N, STM32G0C1REI6N, STM32G0C1RET6N, STM32G0C1VCI6, STM32G0C1VEI6, STM32G471CCT6, STM32G471CCU6, STM32G471CET3, STM32G471CET6, STM32G471CEU3, STM32G471CEU6, STM32G471MCT6, STM32G471MET3, STM32G471MET6, STM32G471MEY6TR, STM32G471QCT6, STM32G471QET3, STM32G471RCT6, STM32G471RET3, STM32G471RET6, STM32G471VCH6, STM32G471VCI6, STM32G471VCT6, STM32G471VEH3, STM32G471VEH6, STM32G471VEI3, STM32G471VEI6, STM32G471VET3, STM32G471VET6, STM32G474CCT6, STM32L476VGY6PTR, STM32L4R5QGI6STR, STM32MP131AAE3, STM32MP131AAF3, STM32MP131AAG3, STM32MP131CAE3, STM32MP131CAF3, STM32MP131CAG3, STM32MP131DAE7, STM32MP131DAF7, STM32MP131DAG7, STM32MP131FAE7, STM32MP131FAF7, STM32MP131FAG7, STM32MP133AAE3, STM32MP133AAF3, STM32MP133AAG3, STM32MP133CAE3, STM32MP133CAF3, STM32MP133CAG3, STM32MP133DAE7, STM32MP133DAF7, STM32MP133DAG7, STM32MP133FAE7, STM32MP133FAF7, STM32MP133FAG7, STM32MP135AAE3, STM32MP135AAF3, STM32MP135AAG3, STM32MP135CAE3, STM32MP135CAF3, STM32MP135CAG3, STM32MP135DAE7, STM32MP135DAF7, STM32MP135DAG7, STM32MP135F-DK, STM32MP135FAE7, STM32MP135FAF7, STM32MP135FAG7, STM32U595ZJT6Q, STM32U599BJY6QTR, STM32U599NIH6Q, STM32U599NJH6Q, STM32U5A5ZJT6Q, STM32U5A9BJY6QTR, STM32U5A9NJH6Q, STM32WB1MMCH6]
2022-09-04 22:45:10,002 [WARN] PackLoader:242 - Cannot read IP mode file for STMicroelectronics.X-CUBE-BLEMGR.1.0.0
2022-09-04 22:45:10,011 [WARN] PackLoader:242 - Cannot read IP mode file for STMicroelectronics.X-CUBE-ALGOBUILD.1.3.0
2022-09-04 22:45:10,030 [WARN] PackLoader:242 - Cannot read IP mode file for STMicroelectronics.X-CUBE-AZRTOS-G0.1.1.0
2022-09-04 22:45:10,042 [WARN] PackLoader:242 - Cannot read IP mode file for STMicroelectronics.X-CUBE-SUBG2.5.0.0
2022-09-04 22:45:10,093 [WARN] PackLoader:242 - Cannot read IP mode file for SEGGER.I-CUBE-embOS.1.2.0
2022-09-04 22:45:10,148 [INFO] BoardInfo:879 - No configuration file found for board P-NUCLEO-WB55
2022-09-04 22:45:10,149 [INFO] DbBoards:156 - Kit is not supported: P-NUCLEO-WB55
2022-09-04 22:45:10,149 [WARN] PackLoader:242 - Cannot read IP mode file for STMicroelectronics.FP-ATR-ASTRA1.1.1.1
2022-09-04 22:45:10,153 [INFO] BoardInfo:879 - No configuration file found for board STEVAL-BFA001V1B
2022-09-04 22:45:10,154 [INFO] DbBoards:156 - Kit is not supported: STEVAL-BFA001V1B
2022-09-04 22:45:10,155 [INFO] BoardInfo:879 - No configuration file found for board STEVAL-BFA001V2B
2022-09-04 22:45:10,155 [INFO] DbBoards:156 - Kit is not supported: STEVAL-BFA001V2B
2022-09-04 22:45:10,166 [WARN] PackLoader:242 - Cannot read IP mode file for STMicroelectronics.X-CUBE-AZRTOS-G4.1.0.0
2022-09-04 22:45:10,184 [WARN] PackLoader:242 - Cannot read IP mode file for STMicroelectronics.X-CUBE-AZRTOS-L4.1.0.0
2022-09-04 22:45:10,193 [WARN] PackLoader:242 - Cannot read IP mode file for emotas.I-CUBE-CANOPEN.1.1.2
2022-09-04 22:45:10,199 [WARN] PackLoader:242 - Cannot read IP mode file for STMicroelectronics.X-CUBE-TOUCHGFX.4.20.0
2022-09-04 22:45:10,215 [WARN] PackLoader:242 - Cannot read IP mode file for STMicroelectronics.X-CUBE-AZRTOS-WL.1.0.0
2022-09-04 22:45:10,223 [WARN] PackLoader:242 - Cannot read IP mode file for portGmbH.I-Cube-SoM-uGOAL.1.1.0
2022-09-04 22:45:10,229 [WARN] PackLoader:242 - Cannot read IP mode file for STMicroelectronics.X-CUBE-ALS.1.0.1
2022-09-04 22:45:10,251 [WARN] PackLoader:242 - Cannot read IP mode file for STMicroelectronics.X-CUBE-AZRTOS-L5.1.0.0
2022-09-04 22:45:10,263 [WARN] PackLoader:242 - Cannot read IP mode file for STMicroelectronics.X-CUBE-EEPRMA1.3.1.1
2022-09-04 22:45:10,265 [INFO] ThirdParty:929 - Integrity check success = true
2022-09-04 22:45:10,265 [INFO] IntegrityCheckThread:98 - exiting critical section [integrity check]
2022-09-04 22:45:10,265 [INFO] IntegrityCheckThread:101 - End integrity checks thread
2022-09-04 22:45:10,313 [INFO] DbBoards:160 - Found 176 boards, 173 are supported
2022-09-04 22:45:10,321 [INFO] ApiDb:409 - User favorites file not found: C:\Users\Shin/.stm32cubeide/favorites.boards.txt
2022-09-04 22:45:10,322 [INFO] DbBoards:189 - Set 0 / 0 favorites Boards
2022-09-04 22:45:10,325 [INFO] ApiDb:663 - CubeFinder database Data Model version=2.1
2022-09-04 22:45:10,326 [INFO] ApiDb:664 - CubeFinder database Configuration version=3.0.32
2022-09-04 22:45:10,326 [INFO] ApiDb:665 - CubeFinder database generation date=2022-08-05 (1659688109)
2022-09-04 22:45:10,326 [INFO] ApiDb:666 - CubeFinder database FW Pack versions=[STM32Cube_FW_C0_V1.0.0, STM32Cube_FW_F4_V1.27.1, STM32Cube_FW_F7_V1.17.0, STM32Cube_FW_G0_V1.6.1, STM32Cube_FW_G4_V1.5.0, STM32Cube_FW_H7_V1.10.0, STM32Cube_FW_L5_V1.4.0, STM32Cube_FW_U5_V1.1.1, STM32Cube_FW_WB_V1.14.1, STM32Cube_FW_WL_V1.2.0, X-CUBE-ALGOBUILD_V1.3.0, X-CUBE-ALS_V1.0.1, X-CUBE-AZRTOS-F4_V1.1.0, X-CUBE-AZRTOS-F7_V1.1.0, X-CUBE-AZRTOS-G0_V1.1.0, X-CUBE-AZRTOS-G4_V1.0.0, X-CUBE-AZRTOS-H7_V2.1.0, X-CUBE-AZRTOS-L4_V1.0.0, X-CUBE-AZRTOS-L5_V1.0.0, X-CUBE-AZRTOS-WL_V1.0.0, X-CUBE-BLE1_V6.2.3, X-CUBE-BLE2_V3.3.0, X-CUBE-EEPRMA1_V3.1.1, X-CUBE-GNSS1_V6.0.0, X-CUBE-MEMS1_V9.1.0, X-CUBE-MEMS1_V9.3.0, X-CUBE-NFC4_V2.0.4, X-CUBE-NFC7_V1.0.0, X-CUBE-SFXS2LP1_V4.0.0, X-CUBE-SUBG2_V5.0.0]
2022-09-04 22:45:10,978 [INFO] DbExamplesSqlite:374 - Ignored 31 examples not supported by CubeIDE
2022-09-04 22:45:10,978 [INFO] DbExamplesSqlite:375 - Found 6197 examples active
2022-09-04 22:45:10,978 [INFO] DbExamplesSqlite:376 - Found 89 examples obsolete
2022-09-04 22:45:10,978 [INFO] DbExamplesSqlite:377 - Found 0 examples under development
2022-09-04 22:45:10,978 [INFO] DbExamplesSqlite:378 - Found 76 examples not building
2022-09-04 22:45:10,980 [INFO] DbExamples:124 - Found 6242 examples
2022-09-04 22:45:10,991 [INFO] DbExamples:221 - Found 77 boards with related examples
2022-09-04 22:45:10,993 [INFO] DbExamples:234 - Found 64 MCUs with related examples
2022-09-04 22:45:11,013 [INFO] ApiDb:409 - User favorites file not found: C:\Users\Shin/.stm32cubeide/favorites.examples.txt
2022-09-04 22:45:11,013 [INFO] DbExamples:249 - Set 0 / 0 favorites Examples
2022-09-04 22:45:11,176 [INFO] McuFinderGlobals:57 - Set McuFinderConnectedMode to true
2022-09-04 22:45:11,184 [INFO] MultiScanPanel:195 - Auto-refresh data requested => check proxy status ongoing
2022-09-04 22:45:11,187 [INFO] FinderPluginLoader:92 - Searching for filters in installed packs
2022-09-04 22:45:12,523 [INFO] LoadUrlFilesThread:177 - End of LoadServerUrlFiles without Thread
2022-09-04 22:45:12,538 [INFO] DetailPanel:339 - Set advertising image to C:/Users/Shin/STM32Cube/Repository/\en.Prom_NBSTM32U50921.jpg
2022-09-04 22:45:59,099 [INFO] McuFinderGlobals:57 - Set McuFinderConnectedMode to true
2022-09-04 22:45:59,104 [INFO] ApiDb:443 - Save user favorites file C:\Users\Shin/.stm32cubeide/favorites.mcus.txt: 0 item(s)
2022-09-04 22:45:59,105 [INFO] ApiDb:447 - User favorites MCUs=[]
2022-09-06 19:49:56,336 [ERROR] LogOutputStream:74 - [STDERR_REDIRECT] 
